<?xml version="1.0" encoding="UTF-8"?>
<coverage generated="1778435428885" clover="3.2.0">
  <project timestamp="1778435428885" name="All files">
    <metrics statements="184" coveredstatements="170" conditionals="62" coveredconditionals="41" methods="24" coveredmethods="19" elements="270" coveredelements="230" complexity="0" loc="184" ncloc="184" packages="7" files="12" classes="12"/>
    <package name="courses-app-lab4">
      <metrics statements="42" coveredstatements="34" conditionals="4" coveredconditionals="0" methods="4" coveredmethods="0"/>
      <file name="app.js" path="D:\courses-app-lab4\app.js">
        <metrics statements="42" coveredstatements="34" conditionals="4" coveredconditionals="0" methods="4" coveredmethods="0"/>
        <line num="1" count="2" type="stmt"/>
        <line num="3" count="2" type="stmt"/>
        <line num="5" count="2" type="stmt"/>
        <line num="6" count="2" type="stmt"/>
        <line num="7" count="2" type="stmt"/>
        <line num="8" count="2" type="stmt"/>
        <line num="9" count="2" type="stmt"/>
        <line num="10" count="2" type="stmt"/>
        <line num="11" count="2" type="stmt"/>
        <line num="13" count="2" type="stmt"/>
        <line num="14" count="2" type="stmt"/>
        <line num="15" count="2" type="stmt"/>
        <line num="17" count="2" type="stmt"/>
        <line num="18" count="2" type="stmt"/>
        <line num="20" count="2" type="stmt"/>
        <line num="23" count="2" type="stmt"/>
        <line num="24" count="0" type="stmt"/>
        <line num="25" count="0" type="stmt"/>
        <line num="28" count="2" type="stmt"/>
        <line num="29" count="2" type="stmt"/>
        <line num="31" count="2" type="stmt"/>
        <line num="32" count="2" type="stmt"/>
        <line num="33" count="2" type="stmt"/>
        <line num="34" count="2" type="stmt"/>
        <line num="35" count="2" type="stmt"/>
        <line num="37" count="2" type="stmt"/>
        <line num="38" count="2" type="stmt"/>
        <line num="40" count="2" type="stmt"/>
        <line num="54" count="2" type="stmt"/>
        <line num="55" count="2" type="stmt"/>
        <line num="56" count="0" type="stmt"/>
        <line num="57" count="0" type="stmt"/>
        <line num="59" count="2" type="stmt"/>
        <line num="62" count="2" type="stmt"/>
        <line num="63" count="2" type="stmt"/>
        <line num="66" count="2" type="stmt"/>
        <line num="67" count="0" type="stmt"/>
        <line num="71" count="2" type="stmt"/>
        <line num="72" count="0" type="stmt"/>
        <line num="73" count="0" type="cond" truecount="0" falsecount="2"/>
        <line num="74" count="0" type="cond" truecount="0" falsecount="2"/>
        <line num="77" count="2" type="stmt"/>
      </file>
    </package>
    <package name="courses-app-lab4.config">
      <metrics statements="3" coveredstatements="3" conditionals="2" coveredconditionals="1" methods="0" coveredmethods="0"/>
      <file name="db.config.js" path="D:\courses-app-lab4\config\db.config.js">
        <metrics statements="3" coveredstatements="3" conditionals="2" coveredconditionals="1" methods="0" coveredmethods="0"/>
        <line num="1" count="2" type="stmt"/>
        <line num="3" count="2" type="stmt"/>
        <line num="8" count="2" type="stmt"/>
      </file>
    </package>
    <package name="courses-app-lab4.controllers">
      <metrics statements="30" coveredstatements="30" conditionals="10" coveredconditionals="10" methods="4" coveredmethods="4"/>
      <file name="teachers.controller.js" path="D:\courses-app-lab4\controllers\teachers.controller.js">
        <metrics statements="30" coveredstatements="30" conditionals="10" coveredconditionals="10" methods="4" coveredmethods="4"/>
        <line num="1" count="2" type="stmt"/>
        <line num="25" count="2" type="stmt"/>
        <line num="26" count="6" type="cond" truecount="2" falsecount="0"/>
        <line num="27" count="6" type="stmt"/>
        <line num="28" count="6" type="stmt"/>
        <line num="29" count="5" type="stmt"/>
        <line num="31" count="1" type="stmt"/>
        <line num="57" count="2" type="stmt"/>
        <line num="58" count="3" type="stmt"/>
        <line num="59" count="3" type="stmt"/>
        <line num="60" count="2" type="cond" truecount="2" falsecount="0"/>
        <line num="61" count="1" type="stmt"/>
        <line num="63" count="1" type="stmt"/>
        <line num="65" count="1" type="stmt"/>
        <line num="92" count="2" type="stmt"/>
        <line num="99" count="4" type="stmt"/>
        <line num="100" count="4" type="stmt"/>
        <line num="101" count="4" type="cond" truecount="4" falsecount="0"/>
        <line num="102" count="2" type="stmt"/>
        <line num="109" count="2" type="stmt"/>
        <line num="116" count="1" type="stmt"/>
        <line num="118" count="1" type="stmt"/>
        <line num="144" count="2" type="stmt"/>
        <line num="145" count="3" type="stmt"/>
        <line num="146" count="3" type="stmt"/>
        <line num="147" count="2" type="cond" truecount="2" falsecount="0"/>
        <line num="148" count="1" type="stmt"/>
        <line num="150" count="1" type="stmt"/>
        <line num="152" count="1" type="stmt"/>
        <line num="156" count="2" type="stmt"/>
      </file>
    </package>
    <package name="courses-app-lab4.events">
      <metrics statements="25" coveredstatements="24" conditionals="6" coveredconditionals="4" methods="4" coveredmethods="4"/>
      <file name="appEmitter.js" path="D:\courses-app-lab4\events\appEmitter.js">
        <metrics statements="2" coveredstatements="2" conditionals="0" coveredconditionals="0" methods="0" coveredmethods="0"/>
        <line num="1" count="3" type="stmt"/>
        <line num="13" count="3" type="stmt"/>
      </file>
      <file name="subscriber.js" path="D:\courses-app-lab4\events\subscriber.js">
        <metrics statements="23" coveredstatements="22" conditionals="6" coveredconditionals="4" methods="4" coveredmethods="4"/>
        <line num="1" count="2" type="stmt"/>
        <line num="2" count="2" type="stmt"/>
        <line num="3" count="2" type="stmt"/>
        <line num="5" count="2" type="stmt"/>
        <line num="9" count="24" type="stmt"/>
        <line num="10" count="24" type="cond" truecount="1" falsecount="1"/>
        <line num="11" count="24" type="cond" truecount="1" falsecount="1"/>
        <line num="15" count="24" type="stmt"/>
        <line num="16" count="24" type="stmt"/>
        <line num="17" count="24" type="stmt"/>
        <line num="18" count="24" type="stmt"/>
        <line num="19" count="24" type="stmt"/>
        <line num="21" count="0" type="stmt"/>
        <line num="23" count="24" type="stmt"/>
        <line num="24" count="24" type="stmt"/>
        <line num="28" count="2" type="stmt"/>
        <line num="30" count="16" type="cond" truecount="2" falsecount="0"/>
        <line num="31" count="8" type="stmt"/>
        <line num="34" count="16" type="stmt"/>
        <line num="40" count="2" type="stmt"/>
        <line num="41" count="16" type="stmt"/>
        <line num="42" count="16" type="stmt"/>
        <line num="51" count="2" type="stmt"/>
      </file>
    </package>
    <package name="courses-app-lab4.middleware">
      <metrics statements="59" coveredstatements="57" conditionals="38" coveredconditionals="25" methods="10" coveredmethods="10"/>
      <file name="deleteLog.js" path="D:\courses-app-lab4\middleware\deleteLog.js">
        <metrics statements="12" coveredstatements="11" conditionals="4" coveredconditionals="4" methods="3" coveredmethods="3"/>
        <line num="13" count="2" type="stmt"/>
        <line num="16" count="2" type="stmt"/>
        <line num="18" count="3" type="stmt"/>
        <line num="19" count="3" type="stmt"/>
        <line num="21" count="3" type="cond" truecount="4" falsecount="0"/>
        <line num="22" count="1" type="stmt"/>
        <line num="23" count="1" type="stmt"/>
        <line num="28" count="0" type="stmt"/>
        <line num="34" count="1" type="stmt"/>
        <line num="37" count="3" type="stmt"/>
        <line num="39" count="3" type="stmt"/>
        <line num="43" count="2" type="stmt"/>
      </file>
      <file name="requestStats.js" path="D:\courses-app-lab4\middleware\requestStats.js">
        <metrics statements="18" coveredstatements="18" conditionals="16" coveredconditionals="10" methods="4" coveredmethods="4"/>
        <line num="9" count="2" type="stmt"/>
        <line num="11" count="2" type="stmt"/>
        <line num="14" count="38" type="cond" truecount="3" falsecount="1"/>
        <line num="15" count="38" type="stmt"/>
        <line num="16" count="38" type="stmt"/>
        <line num="17" count="14" type="stmt"/>
        <line num="18" count="39" type="cond" truecount="2" falsecount="0"/>
        <line num="20" count="38" type="stmt"/>
        <line num="23" count="2" type="stmt"/>
        <line num="27" count="16" type="stmt"/>
        <line num="28" count="16" type="stmt"/>
        <line num="29" count="16" type="cond" truecount="1" falsecount="1"/>
        <line num="30" count="16" type="cond" truecount="1" falsecount="1"/>
        <line num="32" count="16" type="stmt"/>
        <line num="42" count="16" type="stmt"/>
        <line num="45" count="16" type="stmt"/>
        <line num="48" count="2" type="stmt"/>
        <line num="49" count="2" type="stmt"/>
      </file>
      <file name="responseTime.js" path="D:\courses-app-lab4\middleware\responseTime.js">
        <metrics statements="29" coveredstatements="28" conditionals="18" coveredconditionals="11" methods="3" coveredmethods="3"/>
        <line num="10" count="2" type="stmt"/>
        <line num="12" count="2" type="cond" truecount="1" falsecount="1"/>
        <line num="13" count="2" type="cond" truecount="1" falsecount="1"/>
        <line num="15" count="2" type="stmt"/>
        <line num="18" count="20" type="stmt"/>
        <line num="19" count="20" type="stmt"/>
        <line num="20" count="20" type="cond" truecount="4" falsecount="0"/>
        <line num="21" count="4" type="stmt"/>
        <line num="22" count="4" type="stmt"/>
        <line num="24" count="20" type="stmt"/>
        <line num="25" count="20" type="stmt"/>
        <line num="29" count="2" type="stmt"/>
        <line num="32" count="16" type="cond" truecount="1" falsecount="3"/>
        <line num="33" count="16" type="stmt"/>
        <line num="36" count="16" type="cond" truecount="1" falsecount="1"/>
        <line num="37" count="0" type="stmt"/>
        <line num="43" count="16" type="stmt"/>
        <line num="46" count="16" type="stmt"/>
        <line num="47" count="16" type="stmt"/>
        <line num="48" count="16" type="stmt"/>
        <line num="49" count="16" type="stmt"/>
        <line num="52" count="16" type="cond" truecount="1" falsecount="1"/>
        <line num="53" count="16" type="stmt"/>
        <line num="54" count="16" type="stmt"/>
        <line num="58" count="16" type="stmt"/>
        <line num="68" count="16" type="stmt"/>
        <line num="71" count="16" type="stmt"/>
        <line num="74" count="2" type="stmt"/>
        <line num="75" count="2" type="stmt"/>
      </file>
    </package>
    <package name="courses-app-lab4.models">
      <metrics statements="11" coveredstatements="9" conditionals="2" coveredconditionals="1" methods="1" coveredmethods="1"/>
      <file name="db.js" path="D:\courses-app-lab4\models\db.js">
        <metrics statements="7" coveredstatements="5" conditionals="2" coveredconditionals="1" methods="1" coveredmethods="1"/>
        <line num="1" count="2" type="stmt"/>
        <line num="2" count="2" type="stmt"/>
        <line num="5" count="2" type="cond" truecount="1" falsecount="1"/>
        <line num="6" count="2" type="stmt"/>
        <line num="7" count="0" type="stmt"/>
        <line num="8" count="0" type="stmt"/>
        <line num="11" count="2" type="stmt"/>
      </file>
      <file name="deleteLog.model.js" path="D:\courses-app-lab4\models\deleteLog.model.js">
        <metrics statements="4" coveredstatements="4" conditionals="0" coveredconditionals="0" methods="0" coveredmethods="0"/>
        <line num="1" count="2" type="stmt"/>
        <line num="23" count="2" type="stmt"/>
        <line num="32" count="2" type="stmt"/>
        <line num="34" count="2" type="stmt"/>
      </file>
    </package>
    <package name="courses-app-lab4.routes">
      <metrics statements="14" coveredstatements="13" conditionals="0" coveredconditionals="0" methods="1" coveredmethods="0"/>
      <file name="index.js" path="D:\courses-app-lab4\routes\index.js">
        <metrics statements="5" coveredstatements="4" conditionals="0" coveredconditionals="0" methods="1" coveredmethods="0"/>
        <line num="1" count="2" type="stmt"/>
        <line num="3" count="2" type="stmt"/>
        <line num="6" count="2" type="stmt"/>
        <line num="7" count="0" type="stmt"/>
        <line num="10" count="2" type="stmt"/>
      </file>
      <file name="teachers.js" path="D:\courses-app-lab4\routes\teachers.js">
        <metrics statements="9" coveredstatements="9" conditionals="0" coveredconditionals="0" methods="0" coveredmethods="0"/>
        <line num="1" count="2" type="stmt"/>
        <line num="7" count="2" type="stmt"/>
        <line num="8" count="2" type="stmt"/>
        <line num="10" count="2" type="stmt"/>
        <line num="12" count="2" type="stmt"/>
        <line num="13" count="2" type="stmt"/>
        <line num="14" count="2" type="stmt"/>
        <line num="15" count="2" type="stmt"/>
        <line num="17" count="2" type="stmt"/>
      </file>
    </package>
  </project>
</coverage>
