{"D:\\courses-app-lab4\\app.js": {"path":"D:\\courses-app-lab4\\app.js","statementMap":{"0":{"start":{"line":1,"column":0},"end":{"line":1,"column":27}},"1":{"start":{"line":3,"column":0},"end":{"line":3,"column":31}},"2":{"start":{"line":5,"column":20},"end":{"line":5,"column":42}},"3":{"start":{"line":6,"column":16},"end":{"line":6,"column":34}},"4":{"start":{"line":7,"column":18},"end":{"line":7,"column":47}},"5":{"start":{"line":8,"column":21},"end":{"line":8,"column":45}},"6":{"start":{"line":9,"column":13},"end":{"line":9,"column":28}},"7":{"start":{"line":10,"column":21},"end":{"line":10,"column":45}},"8":{"start":{"line":11,"column":15},"end":{"line":11,"column":32}},"9":{"start":{"line":13,"column":20},"end":{"line":13,"column":42}},"10":{"start":{"line":14,"column":23},"end":{"line":14,"column":59}},"11":{"start":{"line":15,"column":23},"end":{"line":15,"column":59}},"12":{"start":{"line":17,"column":20},"end":{"line":17,"column":45}},"13":{"start":{"line":18,"column":23},"end":{"line":18,"column":51}},"14":{"start":{"line":20,"column":12},"end":{"line":20,"column":21}},"15":{"start":{"line":23,"column":0},"end":{"line":26,"column":3}},"16":{"start":{"line":24,"column":4},"end":{"line":24,"column":60}},"17":{"start":{"line":25,"column":4},"end":{"line":25,"column":20}},"18":{"start":{"line":28,"column":0},"end":{"line":28,"column":48}},"19":{"start":{"line":29,"column":0},"end":{"line":29,"column":30}},"20":{"start":{"line":31,"column":0},"end":{"line":31,"column":23}},"21":{"start":{"line":32,"column":0},"end":{"line":32,"column":24}},"22":{"start":{"line":33,"column":0},"end":{"line":33,"column":49}},"23":{"start":{"line":34,"column":0},"end":{"line":34,"column":24}},"24":{"start":{"line":35,"column":0},"end":{"line":35,"column":56}},"25":{"start":{"line":37,"column":0},"end":{"line":37,"column":24}},"26":{"start":{"line":38,"column":0},"end":{"line":38,"column":24}},"27":{"start":{"line":40,"column":23},"end":{"line":52,"column":1}},"28":{"start":{"line":54,"column":20},"end":{"line":54,"column":48}},"29":{"start":{"line":55,"column":0},"end":{"line":58,"column":3}},"30":{"start":{"line":56,"column":4},"end":{"line":56,"column":54}},"31":{"start":{"line":57,"column":4},"end":{"line":57,"column":26}},"32":{"start":{"line":59,"column":0},"end":{"line":59,"column":68}},"33":{"start":{"line":62,"column":0},"end":{"line":62,"column":26}},"34":{"start":{"line":63,"column":0},"end":{"line":63,"column":37}},"35":{"start":{"line":66,"column":0},"end":{"line":68,"column":3}},"36":{"start":{"line":67,"column":4},"end":{"line":67,"column":27}},"37":{"start":{"line":71,"column":0},"end":{"line":75,"column":3}},"38":{"start":{"line":72,"column":4},"end":{"line":72,"column":37}},"39":{"start":{"line":73,"column":4},"end":{"line":73,"column":71}},"40":{"start":{"line":74,"column":4},"end":{"line":74,"column":50}},"41":{"start":{"line":77,"column":0},"end":{"line":77,"column":21}}},"fnMap":{"0":{"name":"(anonymous_0)","decl":{"start":{"line":23,"column":16},"end":{"line":23,"column":17}},"loc":{"start":{"line":23,"column":23},"end":{"line":26,"column":1}},"line":23},"1":{"name":"(anonymous_1)","decl":{"start":{"line":55,"column":26},"end":{"line":55,"column":27}},"loc":{"start":{"line":55,"column":40},"end":{"line":58,"column":1}},"line":55},"2":{"name":"(anonymous_2)","decl":{"start":{"line":66,"column":8},"end":{"line":66,"column":9}},"loc":{"start":{"line":66,"column":28},"end":{"line":68,"column":1}},"line":66},"3":{"name":"(anonymous_3)","decl":{"start":{"line":71,"column":8},"end":{"line":71,"column":9}},"loc":{"start":{"line":71,"column":33},"end":{"line":75,"column":1}},"line":71}},"branchMap":{"0":{"loc":{"start":{"line":73,"column":23},"end":{"line":73,"column":70}},"type":"cond-expr","locations":[{"start":{"line":73,"column":62},"end":{"line":73,"column":65}},{"start":{"line":73,"column":68},"end":{"line":73,"column":70}}],"line":73},"1":{"loc":{"start":{"line":74,"column":15},"end":{"line":74,"column":32}},"type":"binary-expr","locations":[{"start":{"line":74,"column":15},"end":{"line":74,"column":25}},{"start":{"line":74,"column":29},"end":{"line":74,"column":32}}],"line":74}},"s":{"0":2,"1":2,"2":2,"3":2,"4":2,"5":2,"6":2,"7":2,"8":2,"9":2,"10":2,"11":2,"12":2,"13":2,"14":2,"15":2,"16":0,"17":0,"18":2,"19":2,"20":2,"21":2,"22":2,"23":2,"24":2,"25":2,"26":2,"27":2,"28":2,"29":2,"30":0,"31":0,"32":2,"33":2,"34":2,"35":2,"36":0,"37":2,"38":0,"39":0,"40":0,"41":2},"f":{"0":0,"1":0,"2":0,"3":0},"b":{"0":[0,0],"1":[0,0]},"_coverageSchema":"1a1c01bbd47fc00a2c39e90264f33305004495a9","hash":"78dba63ceb326b94f892fbe711f237da10768b4e"}
,"D:\\courses-app-lab4\\config\\db.config.js": {"path":"D:\\courses-app-lab4\\config\\db.config.js","statementMap":{"0":{"start":{"line":1,"column":0},"end":{"line":1,"column":27}},"1":{"start":{"line":3,"column":15},"end":{"line":6,"column":1}},"2":{"start":{"line":8,"column":0},"end":{"line":8,"column":24}}},"fnMap":{},"branchMap":{"0":{"loc":{"start":{"line":4,"column":14},"end":{"line":4,"column":77}},"type":"binary-expr","locations":[{"start":{"line":4,"column":14},"end":{"line":4,"column":35}},{"start":{"line":4,"column":39},"end":{"line":4,"column":77}}],"line":4}},"s":{"0":2,"1":2,"2":2},"f":{},"b":{"0":[2,0]},"_coverageSchema":"1a1c01bbd47fc00a2c39e90264f33305004495a9","hash":"ae5fd80847b3cb6fc4d6e1b8b790c01eb99156c3"}
,"D:\\courses-app-lab4\\controllers\\teachers.controller.js": {"path":"D:\\courses-app-lab4\\controllers\\teachers.controller.js","statementMap":{"0":{"start":{"line":1,"column":16},"end":{"line":1,"column":50}},"1":{"start":{"line":25,"column":20},"end":{"line":33,"column":1}},"2":{"start":{"line":26,"column":37},"end":{"line":26,"column":46}},"3":{"start":{"line":27,"column":4},"end":{"line":32,"column":5}},"4":{"start":{"line":28,"column":25},"end":{"line":28,"column":62}},"5":{"start":{"line":29,"column":8},"end":{"line":29,"column":46}},"6":{"start":{"line":31,"column":8},"end":{"line":31,"column":60}},"7":{"start":{"line":57,"column":23},"end":{"line":67,"column":1}},"8":{"start":{"line":58,"column":4},"end":{"line":66,"column":5}},"9":{"start":{"line":59,"column":24},"end":{"line":59,"column":60}},"10":{"start":{"line":60,"column":8},"end":{"line":62,"column":9}},"11":{"start":{"line":61,"column":12},"end":{"line":61,"column":76}},"12":{"start":{"line":63,"column":8},"end":{"line":63,"column":45}},"13":{"start":{"line":65,"column":8},"end":{"line":65,"column":60}},"14":{"start":{"line":92,"column":22},"end":{"line":120,"column":1}},"15":{"start":{"line":99,"column":8},"end":{"line":99,"column":16}},"16":{"start":{"line":100,"column":4},"end":{"line":119,"column":5}},"17":{"start":{"line":101,"column":8},"end":{"line":108,"column":9}},"18":{"start":{"line":102,"column":12},"end":{"line":107,"column":14}},"19":{"start":{"line":109,"column":24},"end":{"line":115,"column":10}},"20":{"start":{"line":116,"column":8},"end":{"line":116,"column":45}},"21":{"start":{"line":118,"column":8},"end":{"line":118,"column":60}},"22":{"start":{"line":144,"column":22},"end":{"line":154,"column":1}},"23":{"start":{"line":145,"column":4},"end":{"line":153,"column":5}},"24":{"start":{"line":146,"column":24},"end":{"line":146,"column":59}},"25":{"start":{"line":147,"column":8},"end":{"line":149,"column":9}},"26":{"start":{"line":148,"column":12},"end":{"line":148,"column":76}},"27":{"start":{"line":150,"column":8},"end":{"line":150,"column":79}},"28":{"start":{"line":152,"column":8},"end":{"line":152,"column":60}},"29":{"start":{"line":156,"column":0},"end":{"line":156,"column":79}}},"fnMap":{"0":{"name":"(anonymous_0)","decl":{"start":{"line":25,"column":20},"end":{"line":25,"column":21}},"loc":{"start":{"line":25,"column":40},"end":{"line":33,"column":1}},"line":25},"1":{"name":"(anonymous_1)","decl":{"start":{"line":57,"column":23},"end":{"line":57,"column":24}},"loc":{"start":{"line":57,"column":43},"end":{"line":67,"column":1}},"line":57},"2":{"name":"(anonymous_2)","decl":{"start":{"line":92,"column":22},"end":{"line":92,"column":23}},"loc":{"start":{"line":92,"column":42},"end":{"line":120,"column":1}},"line":92},"3":{"name":"(anonymous_3)","decl":{"start":{"line":144,"column":22},"end":{"line":144,"column":23}},"loc":{"start":{"line":144,"column":42},"end":{"line":154,"column":1}},"line":144}},"branchMap":{"0":{"loc":{"start":{"line":26,"column":12},"end":{"line":26,"column":20}},"type":"default-arg","locations":[{"start":{"line":26,"column":19},"end":{"line":26,"column":20}}],"line":26},"1":{"loc":{"start":{"line":26,"column":22},"end":{"line":26,"column":32}},"type":"default-arg","locations":[{"start":{"line":26,"column":30},"end":{"line":26,"column":32}}],"line":26},"2":{"loc":{"start":{"line":60,"column":8},"end":{"line":62,"column":9}},"type":"if","locations":[{"start":{"line":60,"column":8},"end":{"line":62,"column":9}},{"start":{},"end":{}}],"line":60},"3":{"loc":{"start":{"line":101,"column":8},"end":{"line":108,"column":9}},"type":"if","locations":[{"start":{"line":101,"column":8},"end":{"line":108,"column":9}},{"start":{},"end":{}}],"line":101},"4":{"loc":{"start":{"line":101,"column":12},"end":{"line":101,"column":35}},"type":"binary-expr","locations":[{"start":{"line":101,"column":12},"end":{"line":101,"column":21}},{"start":{"line":101,"column":25},"end":{"line":101,"column":35}}],"line":101},"5":{"loc":{"start":{"line":147,"column":8},"end":{"line":149,"column":9}},"type":"if","locations":[{"start":{"line":147,"column":8},"end":{"line":149,"column":9}},{"start":{},"end":{}}],"line":147}},"s":{"0":2,"1":2,"2":6,"3":6,"4":6,"5":5,"6":1,"7":2,"8":3,"9":3,"10":2,"11":1,"12":1,"13":1,"14":2,"15":4,"16":4,"17":4,"18":2,"19":2,"20":1,"21":1,"22":2,"23":3,"24":3,"25":2,"26":1,"27":1,"28":1,"29":2},"f":{"0":6,"1":3,"2":4,"3":3},"b":{"0":[6],"1":[6],"2":[1,1],"3":[2,2],"4":[4,3],"5":[1,1]},"_coverageSchema":"1a1c01bbd47fc00a2c39e90264f33305004495a9","hash":"a116ca0cc4aab94b67218b1f8c7faf46bd2fcb12"}
,"D:\\courses-app-lab4\\events\\appEmitter.js": {"path":"D:\\courses-app-lab4\\events\\appEmitter.js","statementMap":{"0":{"start":{"line":1,"column":25},"end":{"line":1,"column":42}},"1":{"start":{"line":13,"column":0},"end":{"line":13,"column":34}}},"fnMap":{},"branchMap":{},"s":{"0":3,"1":3},"f":{},"b":{},"_coverageSchema":"1a1c01bbd47fc00a2c39e90264f33305004495a9","hash":"b57c69ff9728be21c7362fdd832e2ed9272af306"}
,"D:\\courses-app-lab4\\events\\subscriber.js": {"path":"D:\\courses-app-lab4\\events\\subscriber.js","statementMap":{"0":{"start":{"line":1,"column":11},"end":{"line":1,"column":24}},"1":{"start":{"line":2,"column":13},"end":{"line":2,"column":28}},"2":{"start":{"line":3,"column":19},"end":{"line":3,"column":42}},"3":{"start":{"line":5,"column":17},"end":{"line":5,"column":59}},"4":{"start":{"line":9,"column":16},"end":{"line":9,"column":38}},"5":{"start":{"line":10,"column":4},"end":{"line":10,"column":68}},"6":{"start":{"line":10,"column":29},"end":{"line":10,"column":68}},"7":{"start":{"line":11,"column":4},"end":{"line":11,"column":76}},"8":{"start":{"line":11,"column":34},"end":{"line":11,"column":76}},"9":{"start":{"line":15,"column":4},"end":{"line":15,"column":20}},"10":{"start":{"line":16,"column":15},"end":{"line":16,"column":17}},"11":{"start":{"line":17,"column":4},"end":{"line":22,"column":5}},"12":{"start":{"line":18,"column":20},"end":{"line":18,"column":54}},"13":{"start":{"line":19,"column":8},"end":{"line":19,"column":31}},"14":{"start":{"line":21,"column":8},"end":{"line":21,"column":18}},"15":{"start":{"line":23,"column":4},"end":{"line":23,"column":21}},"16":{"start":{"line":24,"column":4},"end":{"line":24,"column":71}},"17":{"start":{"line":28,"column":0},"end":{"line":37,"column":3}},"18":{"start":{"line":30,"column":4},"end":{"line":32,"column":5}},"19":{"start":{"line":31,"column":8},"end":{"line":31,"column":64}},"20":{"start":{"line":34,"column":4},"end":{"line":36,"column":6}},"21":{"start":{"line":40,"column":0},"end":{"line":49,"column":3}},"22":{"start":{"line":41,"column":4},"end":{"line":41,"column":56}},"23":{"start":{"line":42,"column":4},"end":{"line":48,"column":6}},"24":{"start":{"line":51,"column":0},"end":{"line":51,"column":37}}},"fnMap":{"0":{"name":"ensureLogFile","decl":{"start":{"line":8,"column":9},"end":{"line":8,"column":22}},"loc":{"start":{"line":8,"column":25},"end":{"line":12,"column":1}},"line":8},"1":{"name":"appendToLogFile","decl":{"start":{"line":14,"column":9},"end":{"line":14,"column":24}},"loc":{"start":{"line":14,"column":32},"end":{"line":25,"column":1}},"line":14},"2":{"name":"(anonymous_2)","decl":{"start":{"line":28,"column":34},"end":{"line":28,"column":35}},"loc":{"start":{"line":28,"column":42},"end":{"line":37,"column":1}},"line":28},"3":{"name":"(anonymous_3)","decl":{"start":{"line":40,"column":30},"end":{"line":40,"column":31}},"loc":{"start":{"line":40,"column":38},"end":{"line":49,"column":1}},"line":40}},"branchMap":{"0":{"loc":{"start":{"line":10,"column":4},"end":{"line":10,"column":68}},"type":"if","locations":[{"start":{"line":10,"column":4},"end":{"line":10,"column":68}},{"start":{},"end":{}}],"line":10},"1":{"loc":{"start":{"line":11,"column":4},"end":{"line":11,"column":76}},"type":"if","locations":[{"start":{"line":11,"column":4},"end":{"line":11,"column":76}},{"start":{},"end":{}}],"line":11},"2":{"loc":{"start":{"line":30,"column":4},"end":{"line":32,"column":5}},"type":"if","locations":[{"start":{"line":30,"column":4},"end":{"line":32,"column":5}},{"start":{},"end":{}}],"line":30}},"s":{"0":2,"1":2,"2":2,"3":2,"4":24,"5":24,"6":0,"7":24,"8":0,"9":24,"10":24,"11":24,"12":24,"13":24,"14":0,"15":24,"16":24,"17":2,"18":16,"19":8,"20":16,"21":2,"22":16,"23":16,"24":2},"f":{"0":24,"1":24,"2":16,"3":16},"b":{"0":[0,24],"1":[0,24],"2":[8,8]},"_coverageSchema":"1a1c01bbd47fc00a2c39e90264f33305004495a9","hash":"f5e48f33fbda40f00d763cea3fda2f8604b2772c"}
,"D:\\courses-app-lab4\\middleware\\deleteLog.js": {"path":"D:\\courses-app-lab4\\middleware\\deleteLog.js","statementMap":{"0":{"start":{"line":13,"column":18},"end":{"line":13,"column":54}},"1":{"start":{"line":16,"column":4},"end":{"line":40,"column":6}},"2":{"start":{"line":18,"column":29},"end":{"line":18,"column":47}},"3":{"start":{"line":19,"column":8},"end":{"line":38,"column":10}},"4":{"start":{"line":21,"column":12},"end":{"line":36,"column":13}},"5":{"start":{"line":22,"column":16},"end":{"line":35,"column":17}},"6":{"start":{"line":23,"column":20},"end":{"line":27,"column":23}},"7":{"start":{"line":28,"column":20},"end":{"line":32,"column":22}},"8":{"start":{"line":34,"column":20},"end":{"line":34,"column":87}},"9":{"start":{"line":37,"column":12},"end":{"line":37,"column":38}},"10":{"start":{"line":39,"column":8},"end":{"line":39,"column":15}},"11":{"start":{"line":43,"column":0},"end":{"line":43,"column":37}}},"fnMap":{"0":{"name":"deleteLogMiddleware","decl":{"start":{"line":15,"column":9},"end":{"line":15,"column":28}},"loc":{"start":{"line":15,"column":43},"end":{"line":41,"column":1}},"line":15},"1":{"name":"(anonymous_1)","decl":{"start":{"line":16,"column":11},"end":{"line":16,"column":12}},"loc":{"start":{"line":16,"column":43},"end":{"line":40,"column":5}},"line":16},"2":{"name":"(anonymous_2)","decl":{"start":{"line":19,"column":19},"end":{"line":19,"column":20}},"loc":{"start":{"line":19,"column":41},"end":{"line":38,"column":9}},"line":19}},"branchMap":{"0":{"loc":{"start":{"line":21,"column":12},"end":{"line":36,"column":13}},"type":"if","locations":[{"start":{"line":21,"column":12},"end":{"line":36,"column":13}},{"start":{},"end":{}}],"line":21},"1":{"loc":{"start":{"line":21,"column":16},"end":{"line":21,"column":55}},"type":"binary-expr","locations":[{"start":{"line":21,"column":16},"end":{"line":21,"column":38}},{"start":{"line":21,"column":42},"end":{"line":21,"column":55}}],"line":21}},"s":{"0":2,"1":2,"2":3,"3":3,"4":3,"5":1,"6":1,"7":0,"8":1,"9":3,"10":3,"11":2},"f":{"0":2,"1":3,"2":3},"b":{"0":[1,2],"1":[3,1]},"_coverageSchema":"1a1c01bbd47fc00a2c39e90264f33305004495a9","hash":"59d49d3386d594209ba596c815053a5ff4041ca8"}
,"D:\\courses-app-lab4\\middleware\\requestStats.js": {"path":"D:\\courses-app-lab4\\middleware\\requestStats.js","statementMap":{"0":{"start":{"line":9,"column":19},"end":{"line":9,"column":50}},"1":{"start":{"line":11,"column":23},"end":{"line":11,"column":53}},"2":{"start":{"line":14,"column":4},"end":{"line":14,"column":52}},"3":{"start":{"line":14,"column":41},"end":{"line":14,"column":52}},"4":{"start":{"line":15,"column":19},"end":{"line":15,"column":21}},"5":{"start":{"line":16,"column":4},"end":{"line":19,"column":5}},"6":{"start":{"line":17,"column":19},"end":{"line":17,"column":36}},"7":{"start":{"line":18,"column":8},"end":{"line":18,"column":79}},"8":{"start":{"line":18,"column":47},"end":{"line":18,"column":61}},"9":{"start":{"line":20,"column":4},"end":{"line":20,"column":18}},"10":{"start":{"line":23,"column":0},"end":{"line":23,"column":45}},"11":{"start":{"line":27,"column":24},"end":{"line":27,"column":41}},"12":{"start":{"line":28,"column":4},"end":{"line":43,"column":6}},"13":{"start":{"line":29,"column":33},"end":{"line":29,"column":64}},"14":{"start":{"line":30,"column":34},"end":{"line":30,"column":64}},"15":{"start":{"line":32,"column":8},"end":{"line":40,"column":11}},"16":{"start":{"line":42,"column":8},"end":{"line":42,"column":36}},"17":{"start":{"line":45,"column":4},"end":{"line":45,"column":11}},"18":{"start":{"line":48,"column":0},"end":{"line":48,"column":40}},"19":{"start":{"line":49,"column":0},"end":{"line":49,"column":45}}},"fnMap":{"0":{"name":"maskSensitive","decl":{"start":{"line":13,"column":9},"end":{"line":13,"column":22}},"loc":{"start":{"line":13,"column":28},"end":{"line":21,"column":1}},"line":13},"1":{"name":"(anonymous_1)","decl":{"start":{"line":18,"column":42},"end":{"line":18,"column":43}},"loc":{"start":{"line":18,"column":47},"end":{"line":18,"column":61}},"line":18},"2":{"name":"requestStatsMiddleware","decl":{"start":{"line":25,"column":9},"end":{"line":25,"column":31}},"loc":{"start":{"line":25,"column":48},"end":{"line":46,"column":1}},"line":25},"3":{"name":"(anonymous_3)","decl":{"start":{"line":28,"column":14},"end":{"line":28,"column":15}},"loc":{"start":{"line":28,"column":33},"end":{"line":43,"column":5}},"line":28}},"branchMap":{"0":{"loc":{"start":{"line":14,"column":4},"end":{"line":14,"column":52}},"type":"if","locations":[{"start":{"line":14,"column":4},"end":{"line":14,"column":52}},{"start":{},"end":{}}],"line":14},"1":{"loc":{"start":{"line":14,"column":8},"end":{"line":14,"column":39}},"type":"binary-expr","locations":[{"start":{"line":14,"column":8},"end":{"line":14,"column":12}},{"start":{"line":14,"column":16},"end":{"line":14,"column":39}}],"line":14},"2":{"loc":{"start":{"line":18,"column":22},"end":{"line":18,"column":78}},"type":"cond-expr","locations":[{"start":{"line":18,"column":65},"end":{"line":18,"column":70}},{"start":{"line":18,"column":73},"end":{"line":18,"column":78}}],"line":18},"3":{"loc":{"start":{"line":29,"column":47},"end":{"line":29,"column":63}},"type":"binary-expr","locations":[{"start":{"line":29,"column":47},"end":{"line":29,"column":57}},{"start":{"line":29,"column":61},"end":{"line":29,"column":63}}],"line":29},"4":{"loc":{"start":{"line":30,"column":48},"end":{"line":30,"column":63}},"type":"binary-expr","locations":[{"start":{"line":30,"column":48},"end":{"line":30,"column":57}},{"start":{"line":30,"column":61},"end":{"line":30,"column":63}}],"line":30},"5":{"loc":{"start":{"line":37,"column":23},"end":{"line":37,"column":57}},"type":"binary-expr","locations":[{"start":{"line":37,"column":23},"end":{"line":37,"column":44}},{"start":{"line":37,"column":48},"end":{"line":37,"column":57}}],"line":37},"6":{"loc":{"start":{"line":38,"column":16},"end":{"line":38,"column":89}},"type":"binary-expr","locations":[{"start":{"line":38,"column":16},"end":{"line":38,"column":22}},{"start":{"line":38,"column":27},"end":{"line":38,"column":41}},{"start":{"line":38,"column":45},"end":{"line":38,"column":73}},{"start":{"line":38,"column":78},"end":{"line":38,"column":89}}],"line":38}},"s":{"0":2,"1":2,"2":38,"3":0,"4":38,"5":38,"6":14,"7":14,"8":39,"9":38,"10":2,"11":16,"12":16,"13":16,"14":16,"15":16,"16":16,"17":16,"18":2,"19":2},"f":{"0":38,"1":39,"2":16,"3":16},"b":{"0":[0,38],"1":[38,38],"2":[4,10],"3":[16,0],"4":[16,0],"5":[16,16],"6":[16,0,0,0]},"_coverageSchema":"1a1c01bbd47fc00a2c39e90264f33305004495a9","hash":"ac047e9683a291b46b54ad7ae5e5adec415a8b0b"}
,"D:\\courses-app-lab4\\middleware\\responseTime.js": {"path":"D:\\courses-app-lab4\\middleware\\responseTime.js","statementMap":{"0":{"start":{"line":10,"column":19},"end":{"line":10,"column":50}},"1":{"start":{"line":12,"column":21},"end":{"line":12,"column":70}},"2":{"start":{"line":13,"column":18},"end":{"line":13,"column":75}},"3":{"start":{"line":15,"column":19},"end":{"line":15,"column":28}},"4":{"start":{"line":18,"column":16},"end":{"line":18,"column":26}},"5":{"start":{"line":19,"column":15},"end":{"line":19,"column":33}},"6":{"start":{"line":20,"column":4},"end":{"line":23,"column":5}},"7":{"start":{"line":21,"column":8},"end":{"line":21,"column":54}},"8":{"start":{"line":22,"column":8},"end":{"line":22,"column":33}},"9":{"start":{"line":24,"column":4},"end":{"line":24,"column":20}},"10":{"start":{"line":25,"column":4},"end":{"line":25,"column":16}},"11":{"start":{"line":29,"column":0},"end":{"line":29,"column":41}},"12":{"start":{"line":32,"column":15},"end":{"line":32,"column":88}},"13":{"start":{"line":33,"column":21},"end":{"line":33,"column":36}},"14":{"start":{"line":36,"column":4},"end":{"line":41,"column":5}},"15":{"start":{"line":37,"column":8},"end":{"line":40,"column":11}},"16":{"start":{"line":43,"column":18},"end":{"line":43,"column":41}},"17":{"start":{"line":46,"column":24},"end":{"line":46,"column":41}},"18":{"start":{"line":47,"column":4},"end":{"line":69,"column":6}},"19":{"start":{"line":48,"column":20},"end":{"line":48,"column":43}},"20":{"start":{"line":49,"column":31},"end":{"line":49,"column":62}},"21":{"start":{"line":52,"column":8},"end":{"line":55,"column":9}},"22":{"start":{"line":53,"column":12},"end":{"line":53,"column":79}},"23":{"start":{"line":54,"column":12},"end":{"line":54,"column":96}},"24":{"start":{"line":58,"column":8},"end":{"line":66,"column":11}},"25":{"start":{"line":68,"column":8},"end":{"line":68,"column":36}},"26":{"start":{"line":71,"column":4},"end":{"line":71,"column":18}},"27":{"start":{"line":74,"column":0},"end":{"line":74,"column":40}},"28":{"start":{"line":75,"column":0},"end":{"line":75,"column":41}}},"fnMap":{"0":{"name":"getRateInfo","decl":{"start":{"line":17,"column":9},"end":{"line":17,"column":20}},"loc":{"start":{"line":17,"column":25},"end":{"line":26,"column":1}},"line":17},"1":{"name":"responseTimeMiddleware","decl":{"start":{"line":31,"column":9},"end":{"line":31,"column":31}},"loc":{"start":{"line":31,"column":48},"end":{"line":72,"column":1}},"line":31},"2":{"name":"(anonymous_2)","decl":{"start":{"line":47,"column":14},"end":{"line":47,"column":15}},"loc":{"start":{"line":47,"column":33},"end":{"line":69,"column":5}},"line":47}},"branchMap":{"0":{"loc":{"start":{"line":12,"column":30},"end":{"line":12,"column":65}},"type":"binary-expr","locations":[{"start":{"line":12,"column":30},"end":{"line":12,"column":56}},{"start":{"line":12,"column":60},"end":{"line":12,"column":65}}],"line":12},"1":{"loc":{"start":{"line":13,"column":27},"end":{"line":13,"column":70}},"type":"binary-expr","locations":[{"start":{"line":13,"column":27},"end":{"line":13,"column":59}},{"start":{"line":13,"column":63},"end":{"line":13,"column":70}}],"line":13},"2":{"loc":{"start":{"line":20,"column":4},"end":{"line":23,"column":5}},"type":"if","locations":[{"start":{"line":20,"column":4},"end":{"line":23,"column":5}},{"start":{},"end":{}}],"line":20},"3":{"loc":{"start":{"line":20,"column":8},"end":{"line":20,"column":35}},"type":"binary-expr","locations":[{"start":{"line":20,"column":8},"end":{"line":20,"column":13}},{"start":{"line":20,"column":17},"end":{"line":20,"column":35}}],"line":20},"4":{"loc":{"start":{"line":32,"column":15},"end":{"line":32,"column":88}},"type":"binary-expr","locations":[{"start":{"line":32,"column":15},"end":{"line":32,"column":21}},{"start":{"line":32,"column":26},"end":{"line":32,"column":40}},{"start":{"line":32,"column":44},"end":{"line":32,"column":72}},{"start":{"line":32,"column":77},"end":{"line":32,"column":88}}],"line":32},"5":{"loc":{"start":{"line":36,"column":4},"end":{"line":41,"column":5}},"type":"if","locations":[{"start":{"line":36,"column":4},"end":{"line":41,"column":5}},{"start":{},"end":{}}],"line":36},"6":{"loc":{"start":{"line":52,"column":8},"end":{"line":55,"column":9}},"type":"if","locations":[{"start":{"line":52,"column":8},"end":{"line":55,"column":9}},{"start":{},"end":{}}],"line":52},"7":{"loc":{"start":{"line":64,"column":23},"end":{"line":64,"column":57}},"type":"binary-expr","locations":[{"start":{"line":64,"column":23},"end":{"line":64,"column":44}},{"start":{"line":64,"column":48},"end":{"line":64,"column":57}}],"line":64}},"s":{"0":2,"1":2,"2":2,"3":2,"4":20,"5":20,"6":20,"7":4,"8":4,"9":20,"10":20,"11":2,"12":16,"13":16,"14":16,"15":0,"16":16,"17":16,"18":16,"19":16,"20":16,"21":16,"22":16,"23":16,"24":16,"25":16,"26":16,"27":2,"28":2},"f":{"0":20,"1":16,"2":16},"b":{"0":[2,0],"1":[2,0],"2":[4,16],"3":[20,16],"4":[16,0,0,0],"5":[0,16],"6":[16,0],"7":[16,16]},"_coverageSchema":"1a1c01bbd47fc00a2c39e90264f33305004495a9","hash":"a4576a76e0bd0765edd6e2dad7ceded939a51885"}
,"D:\\courses-app-lab4\\models\\db.js": {"path":"D:\\courses-app-lab4\\models\\db.js","statementMap":{"0":{"start":{"line":1,"column":17},"end":{"line":1,"column":36}},"1":{"start":{"line":2,"column":15},"end":{"line":2,"column":45}},"2":{"start":{"line":5,"column":4},"end":{"line":5,"column":73}},"3":{"start":{"line":5,"column":46},"end":{"line":5,"column":73}},"4":{"start":{"line":6,"column":4},"end":{"line":6,"column":44}},"5":{"start":{"line":7,"column":4},"end":{"line":7,"column":50}},"6":{"start":{"line":8,"column":4},"end":{"line":8,"column":31}},"7":{"start":{"line":11,"column":0},"end":{"line":11,"column":29}}},"fnMap":{"0":{"name":"connect","decl":{"start":{"line":4,"column":15},"end":{"line":4,"column":22}},"loc":{"start":{"line":4,"column":25},"end":{"line":9,"column":1}},"line":4}},"branchMap":{"0":{"loc":{"start":{"line":5,"column":4},"end":{"line":5,"column":73}},"type":"if","locations":[{"start":{"line":5,"column":4},"end":{"line":5,"column":73}},{"start":{},"end":{}}],"line":5}},"s":{"0":2,"1":2,"2":2,"3":0,"4":2,"5":0,"6":0,"7":2},"f":{"0":2},"b":{"0":[0,2]},"_coverageSchema":"1a1c01bbd47fc00a2c39e90264f33305004495a9","hash":"30140c3761a51f51386ae1247e97aec36d4d0e56"}
,"D:\\courses-app-lab4\\models\\deleteLog.model.js": {"path":"D:\\courses-app-lab4\\models\\deleteLog.model.js","statementMap":{"0":{"start":{"line":1,"column":17},"end":{"line":1,"column":36}},"1":{"start":{"line":23,"column":24},"end":{"line":30,"column":1}},"2":{"start":{"line":32,"column":18},"end":{"line":32,"column":62}},"3":{"start":{"line":34,"column":0},"end":{"line":34,"column":27}}},"fnMap":{},"branchMap":{},"s":{"0":2,"1":2,"2":2,"3":2},"f":{},"b":{},"_coverageSchema":"1a1c01bbd47fc00a2c39e90264f33305004495a9","hash":"1a0efcdba2e46debcc2589be9321da10547d0ac6"}
,"D:\\courses-app-lab4\\routes\\index.js": {"path":"D:\\courses-app-lab4\\routes\\index.js","statementMap":{"0":{"start":{"line":1,"column":16},"end":{"line":1,"column":34}},"1":{"start":{"line":3,"column":15},"end":{"line":3,"column":31}},"2":{"start":{"line":6,"column":0},"end":{"line":8,"column":3}},"3":{"start":{"line":7,"column":4},"end":{"line":7,"column":46}},"4":{"start":{"line":10,"column":0},"end":{"line":10,"column":24}}},"fnMap":{"0":{"name":"(anonymous_0)","decl":{"start":{"line":6,"column":16},"end":{"line":6,"column":17}},"loc":{"start":{"line":6,"column":30},"end":{"line":8,"column":1}},"line":6}},"branchMap":{},"s":{"0":2,"1":2,"2":2,"3":0,"4":2},"f":{"0":0},"b":{},"_coverageSchema":"1a1c01bbd47fc00a2c39e90264f33305004495a9","hash":"f4c3ab310e5b660659e0f8003b572caf518c669f"}
,"D:\\courses-app-lab4\\routes\\teachers.js": {"path":"D:\\courses-app-lab4\\routes\\teachers.js","statementMap":{"0":{"start":{"line":1,"column":16},"end":{"line":1,"column":34}},"1":{"start":{"line":7,"column":4},"end":{"line":7,"column":49}},"2":{"start":{"line":8,"column":28},"end":{"line":8,"column":62}},"3":{"start":{"line":10,"column":15},"end":{"line":10,"column":31}},"4":{"start":{"line":12,"column":0},"end":{"line":12,"column":29}},"5":{"start":{"line":13,"column":0},"end":{"line":13,"column":35}},"6":{"start":{"line":14,"column":0},"end":{"line":14,"column":32}},"7":{"start":{"line":15,"column":0},"end":{"line":15,"column":69}},"8":{"start":{"line":17,"column":0},"end":{"line":17,"column":24}}},"fnMap":{},"branchMap":{},"s":{"0":2,"1":2,"2":2,"3":2,"4":2,"5":2,"6":2,"7":2,"8":2},"f":{},"b":{},"_coverageSchema":"1a1c01bbd47fc00a2c39e90264f33305004495a9","hash":"52c74c0beb74bd27836c0ffc96555e7ab3170919"}
}
