TN:
SF:app.js
FN:23,(anonymous_0)
FN:55,(anonymous_1)
FN:66,(anonymous_2)
FN:71,(anonymous_3)
FNF:4
FNH:0
FNDA:0,(anonymous_0)
FNDA:0,(anonymous_1)
FNDA:0,(anonymous_2)
FNDA:0,(anonymous_3)
DA:1,2
DA:3,2
DA:5,2
DA:6,2
DA:7,2
DA:8,2
DA:9,2
DA:10,2
DA:11,2
DA:13,2
DA:14,2
DA:15,2
DA:17,2
DA:18,2
DA:20,2
DA:23,2
DA:24,0
DA:25,0
DA:28,2
DA:29,2
DA:31,2
DA:32,2
DA:33,2
DA:34,2
DA:35,2
DA:37,2
DA:38,2
DA:40,2
DA:54,2
DA:55,2
DA:56,0
DA:57,0
DA:59,2
DA:62,2
DA:63,2
DA:66,2
DA:67,0
DA:71,2
DA:72,0
DA:73,0
DA:74,0
DA:77,2
LF:42
LH:34
BRDA:73,0,0,0
BRDA:73,0,1,0
BRDA:74,1,0,0
BRDA:74,1,1,0
BRF:4
BRH:0
end_of_record
TN:
SF:config\db.config.js
FNF:0
FNH:0
DA:1,2
DA:3,2
DA:8,2
LF:3
LH:3
BRDA:4,0,0,2
BRDA:4,0,1,0
BRF:2
BRH:1
end_of_record
TN:
SF:controllers\teachers.controller.js
FN:25,(anonymous_0)
FN:57,(anonymous_1)
FN:92,(anonymous_2)
FN:144,(anonymous_3)
FNF:4
FNH:4
FNDA:6,(anonymous_0)
FNDA:3,(anonymous_1)
FNDA:4,(anonymous_2)
FNDA:3,(anonymous_3)
DA:1,2
DA:25,2
DA:26,6
DA:27,6
DA:28,6
DA:29,5
DA:31,1
DA:57,2
DA:58,3
DA:59,3
DA:60,2
DA:61,1
DA:63,1
DA:65,1
DA:92,2
DA:99,4
DA:100,4
DA:101,4
DA:102,2
DA:109,2
DA:116,1
DA:118,1
DA:144,2
DA:145,3
DA:146,3
DA:147,2
DA:148,1
DA:150,1
DA:152,1
DA:156,2
LF:30
LH:30
BRDA:26,0,0,6
BRDA:26,1,0,6
BRDA:60,2,0,1
BRDA:60,2,1,1
BRDA:101,3,0,2
BRDA:101,3,1,2
BRDA:101,4,0,4
BRDA:101,4,1,3
BRDA:147,5,0,1
BRDA:147,5,1,1
BRF:10
BRH:10
end_of_record
TN:
SF:events\appEmitter.js
FNF:0
FNH:0
DA:1,3
DA:13,3
LF:2
LH:2
BRF:0
BRH:0
end_of_record
TN:
SF:events\subscriber.js
FN:8,ensureLogFile
FN:14,appendToLogFile
FN:28,(anonymous_2)
FN:40,(anonymous_3)
FNF:4
FNH:4
FNDA:24,ensureLogFile
FNDA:24,appendToLogFile
FNDA:16,(anonymous_2)
FNDA:16,(anonymous_3)
DA:1,2
DA:2,2
DA:3,2
DA:5,2
DA:9,24
DA:10,24
DA:11,24
DA:15,24
DA:16,24
DA:17,24
DA:18,24
DA:19,24
DA:21,0
DA:23,24
DA:24,24
DA:28,2
DA:30,16
DA:31,8
DA:34,16
DA:40,2
DA:41,16
DA:42,16
DA:51,2
LF:23
LH:22
BRDA:10,0,0,0
BRDA:10,0,1,24
BRDA:11,1,0,0
BRDA:11,1,1,24
BRDA:30,2,0,8
BRDA:30,2,1,8
BRF:6
BRH:4
end_of_record
TN:
SF:middleware\deleteLog.js
FN:15,deleteLogMiddleware
FN:16,(anonymous_1)
FN:19,(anonymous_2)
FNF:3
FNH:3
FNDA:2,deleteLogMiddleware
FNDA:3,(anonymous_1)
FNDA:3,(anonymous_2)
DA:13,2
DA:16,2
DA:18,3
DA:19,3
DA:21,3
DA:22,1
DA:23,1
DA:28,0
DA:34,1
DA:37,3
DA:39,3
DA:43,2
LF:12
LH:11
BRDA:21,0,0,1
BRDA:21,0,1,2
BRDA:21,1,0,3
BRDA:21,1,1,1
BRF:4
BRH:4
end_of_record
TN:
SF:middleware\requestStats.js
FN:13,maskSensitive
FN:18,(anonymous_1)
FN:25,requestStatsMiddleware
FN:28,(anonymous_3)
FNF:4
FNH:4
FNDA:38,maskSensitive
FNDA:39,(anonymous_1)
FNDA:16,requestStatsMiddleware
FNDA:16,(anonymous_3)
DA:9,2
DA:11,2
DA:14,38
DA:15,38
DA:16,38
DA:17,14
DA:18,39
DA:20,38
DA:23,2
DA:27,16
DA:28,16
DA:29,16
DA:30,16
DA:32,16
DA:42,16
DA:45,16
DA:48,2
DA:49,2
LF:18
LH:18
BRDA:14,0,0,0
BRDA:14,0,1,38
BRDA:14,1,0,38
BRDA:14,1,1,38
BRDA:18,2,0,4
BRDA:18,2,1,10
BRDA:29,3,0,16
BRDA:29,3,1,0
BRDA:30,4,0,16
BRDA:30,4,1,0
BRDA:37,5,0,16
BRDA:37,5,1,16
BRDA:38,6,0,16
BRDA:38,6,1,0
BRDA:38,6,2,0
BRDA:38,6,3,0
BRF:16
BRH:10
end_of_record
TN:
SF:middleware\responseTime.js
FN:17,getRateInfo
FN:31,responseTimeMiddleware
FN:47,(anonymous_2)
FNF:3
FNH:3
FNDA:20,getRateInfo
FNDA:16,responseTimeMiddleware
FNDA:16,(anonymous_2)
DA:10,2
DA:12,2
DA:13,2
DA:15,2
DA:18,20
DA:19,20
DA:20,20
DA:21,4
DA:22,4
DA:24,20
DA:25,20
DA:29,2
DA:32,16
DA:33,16
DA:36,16
DA:37,0
DA:43,16
DA:46,16
DA:47,16
DA:48,16
DA:49,16
DA:52,16
DA:53,16
DA:54,16
DA:58,16
DA:68,16
DA:71,16
DA:74,2
DA:75,2
LF:29
LH:28
BRDA:12,0,0,2
BRDA:12,0,1,0
BRDA:13,1,0,2
BRDA:13,1,1,0
BRDA:20,2,0,4
BRDA:20,2,1,16
BRDA:20,3,0,20
BRDA:20,3,1,16
BRDA:32,4,0,16
BRDA:32,4,1,0
BRDA:32,4,2,0
BRDA:32,4,3,0
BRDA:36,5,0,0
BRDA:36,5,1,16
BRDA:52,6,0,16
BRDA:52,6,1,0
BRDA:64,7,0,16
BRDA:64,7,1,16
BRF:18
BRH:11
end_of_record
TN:
SF:models\db.js
FN:4,connect
FNF:1
FNH:1
FNDA:2,connect
DA:1,2
DA:2,2
DA:5,2
DA:6,2
DA:7,0
DA:8,0
DA:11,2
LF:7
LH:5
BRDA:5,0,0,0
BRDA:5,0,1,2
BRF:2
BRH:1
end_of_record
TN:
SF:models\deleteLog.model.js
FNF:0
FNH:0
DA:1,2
DA:23,2
DA:32,2
DA:34,2
LF:4
LH:4
BRF:0
BRH:0
end_of_record
TN:
SF:routes\index.js
FN:6,(anonymous_0)
FNF:1
FNH:0
FNDA:0,(anonymous_0)
DA:1,2
DA:3,2
DA:6,2
DA:7,0
DA:10,2
LF:5
LH:4
BRF:0
BRH:0
end_of_record
TN:
SF:routes\teachers.js
FNF:0
FNH:0
DA:1,2
DA:7,2
DA:8,2
DA:10,2
DA:12,2
DA:13,2
DA:14,2
DA:15,2
DA:17,2
LF:9
LH:9
BRF:0
BRH:0
end_of_record
